# JRE version: OpenJDK Runtime Environment (20.0.2+9) (build 20.0.2+9-78)
# Java VM: OpenJDK 64-Bit Server VM (20.0.2+9-78, mixed mode, sharing, tiered, compressed oops, compressed class ptrs, g1 gc, bsd-aarch64)
Heap:
 garbage-first heap   total 196608K, used 132406K [0x0000000780000000, 0x0000000800000000)
  region size 1024K, 24 young (24576K), 4 survivors (4096K)
 Metaspace       used 16147K, committed 16512K, reserved 1114112K
  class space    used 2123K, committed 2304K, reserved 1048576K
GC Heap History (12 events):
Event: 5.505 GC heap before
{Heap before GC invocations=0 (full 0):
 garbage-first heap   total 133120K, used 23520K [0x0000000780000000, 0x0000000800000000)
  region size 1024K, 23 young (23552K), 0 survivors (0K)
 Metaspace       used 5917K, committed 6144K, reserved 1114112K
  class space    used 701K, committed 768K, reserved 1048576K
}
Event: 5.507 GC heap after
{Heap after GC invocations=1 (full 0):
 garbage-first heap   total 133120K, used 5259K [0x0000000780000000, 0x0000000800000000)
  region size 1024K, 3 young (3072K), 3 survivors (3072K)
 Metaspace       used 5917K, committed 6144K, reserved 1114112K
  class space    used 701K, committed 768K, reserved 1048576K
}
Event: 5.595 GC heap before
{Heap before GC invocations=1 (full 0):
 garbage-first heap   total 133120K, used 14475K [0x0000000780000000, 0x0000000800000000)
  region size 1024K, 13 young (13312K), 3 survivors (3072K)
 Metaspace       used 9016K, committed 9280K, reserved 1114112K
  class space    used 1154K, committed 1280K, reserved 1048576K
}
Event: 5.597 GC heap after
{Heap after GC invocations=2 (full 0):
 garbage-first heap   total 133120K, used 6179K [0x0000000780000000, 0x0000000800000000)
  region size 1024K, 4 young (4096K), 4 survivors (4096K)
 Metaspace       used 9016K, committed 9280K, reserved 1114112K
  class space    used 1154K, committed 1280K, reserved 1048576K
}
Event: 6.796 GC heap before
{Heap before GC invocations=2 (full 0):
 garbage-first heap   total 133120K, used 118819K [0x0000000780000000, 0x0000000800000000)
  region size 1024K, 23 young (23552K), 4 survivors (4096K)
 Metaspace       used 13237K, committed 13504K, reserved 1114112K
  class space    used 1818K, committed 1920K, reserved 1048576K
}
Event: 6.798 GC heap after
{Heap after GC invocations=3 (full 0):
 garbage-first heap   total 133120K, used 102370K [0x0000000780000000, 0x0000000800000000)
  region size 1024K, 6 young (6144K), 6 survivors (6144K)
 Metaspace       used 13237K, committed 13504K, reserved 1114112K
  class space    used 1818K, committed 1920K, reserved 1048576K
}
Event: 11.782 GC heap before
{Heap before GC invocations=4 (full 0):
 garbage-first heap   total 181248K, used 114658K [0x0000000780000000, 0x0000000800000000)
  region size 1024K, 17 young (17408K), 6 survivors (6144K)
 Metaspace       used 13684K, committed 13952K, reserved 1114112K
  class space    used 1856K, committed 1984K, reserved 1048576K
}
Event: 11.785 GC heap after
{Heap after GC invocations=5 (full 0):
 garbage-first heap   total 181248K, used 104873K [0x0000000780000000, 0x0000000800000000)
  region size 1024K, 2 young (2048K), 2 survivors (2048K)
 Metaspace       used 13684K, committed 13952K, reserved 1114112K
  class space    used 1856K, committed 1984K, reserved 1048576K
}
Event: 16.706 GC heap before
{Heap before GC invocations=6 (full 0):
 garbage-first heap   total 189440K, used 163241K [0x0000000780000000, 0x0000000800000000)
  region size 1024K, 53 young (54272K), 2 survivors (2048K)
 Metaspace       used 15930K, committed 16320K, reserved 1114112K
  class space    used 2118K, committed 2304K, reserved 1048576K
}
Event: 16.707 GC heap after
{Heap after GC invocations=7 (full 0):
 garbage-first heap   total 189440K, used 112802K [0x0000000780000000, 0x0000000800000000)
  region size 1024K, 4 young (4096K), 4 survivors (4096K)
 Metaspace       used 15930K, committed 16320K, reserved 1114112K
  class space    used 2118K, committed 2304K, reserved 1048576K
}
Event: 17.758 GC heap before
{Heap before GC invocations=7 (full 0):
 garbage-first heap   total 189440K, used 170146K [0x0000000780000000, 0x0000000800000000)
  region size 1024K, 60 young (61440K), 4 survivors (4096K)
 Metaspace       used 16042K, committed 16384K, reserved 1114112K
  class space    used 2118K, committed 2304K, reserved 1048576K
}
Event: 17.760 GC heap after
{Heap after GC invocations=8 (full 0):
 garbage-first heap   total 189440K, used 112950K [0x0000000780000000, 0x0000000800000000)
  region size 1024K, 4 young (4096K), 4 survivors (4096K)
 Metaspace       used 16042K, committed 16384K, reserved 1114112K
  class space    used 2118K, committed 2304K, reserved 1048576K
}

