# JRE version: OpenJDK Runtime Environment (20.0.2+9) (build 20.0.2+9-78)
# Java VM: OpenJDK 64-Bit Server VM (20.0.2+9-78, mixed mode, sharing, tiered, compressed oops, compressed class ptrs, g1 gc, bsd-aarch64)
Heap:
 garbage-first heap   total 253952K, used 137316K [0x0000000780000000, 0x0000000800000000)
  region size 1024K, 84 young (86016K), 4 survivors (4096K)
 Metaspace       used 16824K, committed 17216K, reserved 1114112K
  class space    used 2163K, committed 2368K, reserved 1048576K
GC Heap History (14 events):
Event: 5.557 GC heap before
{Heap before GC invocations=0 (full 0):
 garbage-first heap   total 133120K, used 23520K [0x0000000780000000, 0x0000000800000000)
  region size 1024K, 23 young (23552K), 0 survivors (0K)
 Metaspace       used 6038K, committed 6272K, reserved 1114112K
  class space    used 713K, committed 832K, reserved 1048576K
}
Event: 5.559 GC heap after
{Heap after GC invocations=1 (full 0):
 garbage-first heap   total 133120K, used 5120K [0x0000000780000000, 0x0000000800000000)
  region size 1024K, 3 young (3072K), 3 survivors (3072K)
 Metaspace       used 6038K, committed 6272K, reserved 1114112K
  class space    used 713K, committed 832K, reserved 1048576K
}
Event: 5.652 GC heap before
{Heap before GC invocations=1 (full 0):
 garbage-first heap   total 133120K, used 14336K [0x0000000780000000, 0x0000000800000000)
  region size 1024K, 13 young (13312K), 3 survivors (3072K)
 Metaspace       used 9018K, committed 9280K, reserved 1114112K
  class space    used 1153K, committed 1280K, reserved 1048576K
}
Event: 5.654 GC heap after
{Heap after GC invocations=2 (full 0):
 garbage-first heap   total 133120K, used 6750K [0x0000000780000000, 0x0000000800000000)
  region size 1024K, 5 young (5120K), 5 survivors (5120K)
 Metaspace       used 9018K, committed 9280K, reserved 1114112K
  class space    used 1153K, committed 1280K, reserved 1048576K
}
Event: 6.966 GC heap before
{Heap before GC invocations=2 (full 0):
 garbage-first heap   total 133120K, used 117342K [0x0000000780000000, 0x0000000800000000)
  region size 1024K, 22 young (22528K), 5 survivors (5120K)
 Metaspace       used 13191K, committed 13440K, reserved 1114112K
  class space    used 1810K, committed 1920K, reserved 1048576K
}
Event: 6.968 GC heap after
{Heap after GC invocations=3 (full 0):
 garbage-first heap   total 133120K, used 102154K [0x0000000780000000, 0x0000000800000000)
  region size 1024K, 6 young (6144K), 6 survivors (6144K)
 Metaspace       used 13191K, committed 13440K, reserved 1114112K
  class space    used 1810K, committed 1920K, reserved 1048576K
}
Event: 11.973 GC heap before
{Heap before GC invocations=4 (full 0):
 garbage-first heap   total 181248K, used 112394K [0x0000000780000000, 0x0000000800000000)
  region size 1024K, 15 young (15360K), 6 survivors (6144K)
 Metaspace       used 13713K, committed 14016K, reserved 1114112K
  class space    used 1855K, committed 1984K, reserved 1048576K
}
Event: 11.976 GC heap after
{Heap after GC invocations=5 (full 0):
 garbage-first heap   total 181248K, used 104482K [0x0000000780000000, 0x0000000800000000)
  region size 1024K, 2 young (2048K), 2 survivors (2048K)
 Metaspace       used 13713K, committed 14016K, reserved 1114112K
  class space    used 1855K, committed 1984K, reserved 1048576K
}
Event: 14.595 GC heap before
{Heap before GC invocations=6 (full 0):
 garbage-first heap   total 189440K, used 129058K [0x0000000780000000, 0x0000000800000000)
  region size 1024K, 21 young (21504K), 2 survivors (2048K)
 Metaspace       used 15803K, committed 16128K, reserved 1114112K
  class space    used 2117K, committed 2304K, reserved 1048576K
}
Event: 14.597 GC heap after
{Heap after GC invocations=7 (full 0):
 garbage-first heap   total 189440K, used 112338K [0x0000000780000000, 0x0000000800000000)
  region size 1024K, 4 young (4096K), 4 survivors (4096K)
 Metaspace       used 15803K, committed 16128K, reserved 1114112K
  class space    used 2117K, committed 2304K, reserved 1048576K
}
Event: 21.094 GC heap before
{Heap before GC invocations=8 (full 0):
 garbage-first heap   total 198656K, used 189138K [0x0000000780000000, 0x0000000800000000)
  region size 1024K, 58 young (59392K), 4 survivors (4096K)
 Metaspace       used 16454K, committed 16768K, reserved 1114112K
  class space    used 2157K, committed 2304K, reserved 1048576K
}
Event: 21.099 GC heap after
{Heap after GC invocations=9 (full 0):
 garbage-first heap   total 253952K, used 132292K [0x0000000780000000, 0x0000000800000000)
  region size 1024K, 4 young (4096K), 4 survivors (4096K)
 Metaspace       used 16454K, committed 16768K, reserved 1114112K
  class space    used 2157K, committed 2304K, reserved 1048576K
}
Event: 29.287 GC heap before
{Heap before GC invocations=9 (full 0):
 garbage-first heap   total 253952K, used 244932K [0x0000000780000000, 0x0000000800000000)
  region size 1024K, 104 young (106496K), 4 survivors (4096K)
 Metaspace       used 16633K, committed 16960K, reserved 1114112K
  class space    used 2157K, committed 2304K, reserved 1048576K
}
Event: 29.294 GC heap after
{Heap after GC invocations=10 (full 0):
 garbage-first heap   total 253952K, used 43108K [0x0000000780000000, 0x0000000800000000)
  region size 1024K, 4 young (4096K), 4 survivors (4096K)
 Metaspace       used 16633K, committed 16960K, reserved 1114112K
  class space    used 2157K, committed 2304K, reserved 1048576K
}

