# JRE version: OpenJDK Runtime Environment (20.0.2+9) (build 20.0.2+9-78)
# Java VM: OpenJDK 64-Bit Server VM (20.0.2+9-78, mixed mode, sharing, tiered, compressed oops, compressed class ptrs, g1 gc, bsd-aarch64)
Heap:
 garbage-first heap   total 258048K, used 165048K [0x0000000780000000, 0x0000000800000000)
  region size 1024K, 19 young (19456K), 5 survivors (5120K)
 Metaspace       used 16954K, committed 17280K, reserved 1114112K
  class space    used 2159K, committed 2368K, reserved 1048576K
GC Heap History (20 events):
Event: 11.835 GC heap before
{Heap before GC invocations=4 (full 0):
 garbage-first heap   total 181248K, used 114189K [0x0000000780000000, 0x0000000800000000)
  region size 1024K, 17 young (17408K), 6 survivors (6144K)
 Metaspace       used 13692K, committed 14016K, reserved 1114112K
  class space    used 1853K, committed 1984K, reserved 1048576K
}
Event: 11.839 GC heap after
{Heap after GC invocations=5 (full 0):
 garbage-first heap   total 181248K, used 104450K [0x0000000780000000, 0x0000000800000000)
  region size 1024K, 2 young (2048K), 2 survivors (2048K)
 Metaspace       used 13692K, committed 14016K, reserved 1114112K
  class space    used 1853K, committed 1984K, reserved 1048576K
}
Event: 13.435 GC heap before
{Heap before GC invocations=6 (full 0):
 garbage-first heap   total 189440K, used 125954K [0x0000000780000000, 0x0000000800000000)
  region size 1024K, 19 young (19456K), 2 survivors (2048K)
 Metaspace       used 15457K, committed 15808K, reserved 1114112K
  class space    used 2114K, committed 2304K, reserved 1048576K
}
Event: 13.436 GC heap after
{Heap after GC invocations=7 (full 0):
 garbage-first heap   total 189440K, used 112090K [0x0000000780000000, 0x0000000800000000)
  region size 1024K, 4 young (4096K), 4 survivors (4096K)
 Metaspace       used 15457K, committed 15808K, reserved 1114112K
  class space    used 2114K, committed 2304K, reserved 1048576K
}
Event: 19.875 GC heap before
{Heap before GC invocations=8 (full 0):
 garbage-first heap   total 196608K, used 189914K [0x0000000780000000, 0x0000000800000000)
  region size 1024K, 59 young (60416K), 4 survivors (4096K)
 Metaspace       used 16437K, committed 16768K, reserved 1114112K
  class space    used 2153K, committed 2304K, reserved 1048576K
}
Event: 19.878 GC heap after
{Heap after GC invocations=9 (full 0):
 garbage-first heap   total 245760K, used 131934K [0x0000000780000000, 0x0000000800000000)
  region size 1024K, 4 young (4096K), 4 survivors (4096K)
 Metaspace       used 16437K, committed 16768K, reserved 1114112K
  class space    used 2153K, committed 2304K, reserved 1048576K
}
Event: 28.835 GC heap before
{Heap before GC invocations=9 (full 0):
 garbage-first heap   total 245760K, used 241502K [0x0000000780000000, 0x0000000800000000)
  region size 1024K, 93 young (95232K), 4 survivors (4096K)
 Metaspace       used 16704K, committed 17024K, reserved 1114112K
  class space    used 2153K, committed 2304K, reserved 1048576K
}
Event: 28.838 GC heap after
{Heap after GC invocations=10 (full 0):
 garbage-first heap   total 248832K, used 145739K [0x0000000780000000, 0x0000000800000000)
  region size 1024K, 5 young (5120K), 5 survivors (5120K)
 Metaspace       used 16704K, committed 17024K, reserved 1114112K
  class space    used 2153K, committed 2304K, reserved 1048576K
}
Event: 29.278 GC heap before
{Heap before GC invocations=10 (full 0):
 garbage-first heap   total 248832K, used 151883K [0x0000000780000000, 0x0000000800000000)
  region size 1024K, 12 young (12288K), 5 survivors (5120K)
 Metaspace       used 16753K, committed 17088K, reserved 1114112K
  class space    used 2153K, committed 2304K, reserved 1048576K
}
Event: 29.281 GC heap after
{Heap after GC invocations=11 (full 0):
 garbage-first heap   total 248832K, used 145815K [0x0000000780000000, 0x0000000800000000)
  region size 1024K, 5 young (5120K), 5 survivors (5120K)
 Metaspace       used 16753K, committed 17088K, reserved 1114112K
  class space    used 2153K, committed 2304K, reserved 1048576K
}
Event: 29.287 GC heap before
{Heap before GC invocations=12 (full 0):
 garbage-first heap   total 252928K, used 148887K [0x0000000780000000, 0x0000000800000000)
  region size 1024K, 7 young (7168K), 5 survivors (5120K)
 Metaspace       used 16762K, committed 17088K, reserved 1114112K
  class space    used 2153K, committed 2304K, reserved 1048576K
}
Event: 29.289 GC heap after
{Heap after GC invocations=13 (full 0):
 garbage-first heap   total 252928K, used 147866K [0x0000000780000000, 0x0000000800000000)
  region size 1024K, 5 young (5120K), 5 survivors (5120K)
 Metaspace       used 16762K, committed 17088K, reserved 1114112K
  class space    used 2153K, committed 2304K, reserved 1048576K
}
Event: 29.294 GC heap before
{Heap before GC invocations=14 (full 0):
 garbage-first heap   total 252928K, used 148890K [0x0000000780000000, 0x0000000800000000)
  region size 1024K, 6 young (6144K), 5 survivors (5120K)
 Metaspace       used 16763K, committed 17088K, reserved 1114112K
  class space    used 2153K, committed 2304K, reserved 1048576K
}
Event: 29.296 GC heap after
{Heap after GC invocations=15 (full 0):
 garbage-first heap   total 252928K, used 148896K [0x0000000780000000, 0x0000000800000000)
  region size 1024K, 5 young (5120K), 5 survivors (5120K)
 Metaspace       used 16763K, committed 17088K, reserved 1114112K
  class space    used 2153K, committed 2304K, reserved 1048576K
}
Event: 32.393 GC heap before
{Heap before GC invocations=16 (full 0):
 garbage-first heap   total 256000K, used 234912K [0x0000000780000000, 0x0000000800000000)
  region size 1024K, 87 young (89088K), 5 survivors (5120K)
 Metaspace       used 16837K, committed 17216K, reserved 1114112K
  class space    used 2153K, committed 2304K, reserved 1048576K
}
Event: 32.395 GC heap after
{Heap after GC invocations=17 (full 0):
 garbage-first heap   total 256000K, used 148779K [0x0000000780000000, 0x0000000800000000)
  region size 1024K, 5 young (5120K), 5 survivors (5120K)
 Metaspace       used 16837K, committed 17216K, reserved 1114112K
  class space    used 2153K, committed 2304K, reserved 1048576K
}
Event: 34.899 GC heap before
{Heap before GC invocations=17 (full 0):
 garbage-first heap   total 256000K, used 211243K [0x0000000780000000, 0x0000000800000000)
  region size 1024K, 67 young (68608K), 5 survivors (5120K)
 Metaspace       used 16882K, committed 17216K, reserved 1114112K
  class space    used 2153K, committed 2304K, reserved 1048576K
}
Event: 34.903 GC heap after
{Heap after GC invocations=18 (full 0):
 garbage-first heap   total 256000K, used 148659K [0x0000000780000000, 0x0000000800000000)
  region size 1024K, 5 young (5120K), 5 survivors (5120K)
 Metaspace       used 16882K, committed 17216K, reserved 1114112K
  class space    used 2153K, committed 2304K, reserved 1048576K
}
Event: 40.872 GC heap before
{Heap before GC invocations=19 (full 0):
 garbage-first heap   total 258048K, used 183475K [0x0000000780000000, 0x0000000800000000)
  region size 1024K, 38 young (38912K), 5 survivors (5120K)
 Metaspace       used 16908K, committed 17216K, reserved 1114112K
  class space    used 2153K, committed 2304K, reserved 1048576K
}
Event: 40.875 GC heap after
{Heap after GC invocations=20 (full 0):
 garbage-first heap   total 258048K, used 145592K [0x0000000780000000, 0x0000000800000000)
  region size 1024K, 5 young (5120K), 5 survivors (5120K)
 Metaspace       used 16908K, committed 17216K, reserved 1114112K
  class space    used 2153K, committed 2304K, reserved 1048576K
}

