# JRE version: OpenJDK Runtime Environment (20.0.2+9) (build 20.0.2+9-78)
# Java VM: OpenJDK 64-Bit Server VM (20.0.2+9-78, mixed mode, sharing, tiered, compressed oops, compressed class ptrs, g1 gc, bsd-aarch64)
Heap:
 garbage-first heap   total 112640K, used 65046K [0x0000000780000000, 0x0000000800000000)
  region size 1024K, 41 young (41984K), 4 survivors (4096K)
 Metaspace       used 19887K, committed 20160K, reserved 1114112K
  class space    used 2882K, committed 3008K, reserved 1048576K
GC Heap History (12 events):
Event: 5.496 GC heap before
{Heap before GC invocations=0 (full 0):
 garbage-first heap   total 133120K, used 23520K [0x0000000780000000, 0x0000000800000000)
  region size 1024K, 23 young (23552K), 0 survivors (0K)
 Metaspace       used 5384K, committed 5632K, reserved 1114112K
  class space    used 585K, committed 704K, reserved 1048576K
}
Event: 5.498 GC heap after
{Heap after GC invocations=1 (full 0):
 garbage-first heap   total 133120K, used 5733K [0x0000000780000000, 0x0000000800000000)
  region size 1024K, 3 young (3072K), 3 survivors (3072K)
 Metaspace       used 5384K, committed 5632K, reserved 1114112K
  class space    used 585K, committed 704K, reserved 1048576K
}
Event: 5.557 GC heap before
{Heap before GC invocations=1 (full 0):
 garbage-first heap   total 133120K, used 12901K [0x0000000780000000, 0x0000000800000000)
  region size 1024K, 11 young (11264K), 3 survivors (3072K)
 Metaspace       used 8218K, committed 8448K, reserved 1114112K
  class space    used 1015K, committed 1088K, reserved 1048576K
}
Event: 5.559 GC heap after
{Heap after GC invocations=2 (full 0):
 garbage-first heap   total 133120K, used 6186K [0x0000000780000000, 0x0000000800000000)
  region size 1024K, 1 young (1024K), 1 survivors (1024K)
 Metaspace       used 8218K, committed 8448K, reserved 1114112K
  class space    used 1015K, committed 1088K, reserved 1048576K
}
Event: 7.898 GC heap before
{Heap before GC invocations=2 (full 0):
 garbage-first heap   total 133120K, used 118826K [0x0000000780000000, 0x0000000800000000)
  region size 1024K, 20 young (20480K), 1 survivors (1024K)
 Metaspace       used 12543K, committed 12864K, reserved 1114112K
  class space    used 1698K, committed 1856K, reserved 1048576K
}
Event: 7.900 GC heap after
{Heap after GC invocations=3 (full 0):
 garbage-first heap   total 133120K, used 102729K [0x0000000780000000, 0x0000000800000000)
  region size 1024K, 4 young (4096K), 4 survivors (4096K)
 Metaspace       used 12543K, committed 12864K, reserved 1114112K
  class space    used 1698K, committed 1856K, reserved 1048576K
}
Event: 7.966 GC heap before
{Heap before GC invocations=4 (full 0):
 garbage-first heap   total 189440K, used 115017K [0x0000000780000000, 0x0000000800000000)
  region size 1024K, 11 young (11264K), 4 survivors (4096K)
 Metaspace       used 13735K, committed 14016K, reserved 1114112K
  class space    used 1879K, committed 1984K, reserved 1048576K
}
Event: 7.968 GC heap after
{Heap after GC invocations=5 (full 0):
 garbage-first heap   total 189440K, used 109908K [0x0000000780000000, 0x0000000800000000)
  region size 1024K, 2 young (2048K), 2 survivors (2048K)
 Metaspace       used 13735K, committed 14016K, reserved 1114112K
  class space    used 1879K, committed 1984K, reserved 1048576K
}
Event: 8.812 GC heap before
{Heap before GC invocations=6 (full 0):
 garbage-first heap   total 193536K, used 121172K [0x0000000780000000, 0x0000000800000000)
  region size 1024K, 12 young (12288K), 2 survivors (2048K)
 Metaspace       used 14874K, committed 15232K, reserved 1114112K
  class space    used 2047K, committed 2240K, reserved 1048576K
}
Event: 8.813 GC heap after
{Heap after GC invocations=7 (full 0):
 garbage-first heap   total 193536K, used 112302K [0x0000000780000000, 0x0000000800000000)
  region size 1024K, 2 young (2048K), 2 survivors (2048K)
 Metaspace       used 14874K, committed 15232K, reserved 1114112K
  class space    used 2047K, committed 2240K, reserved 1048576K
}
Event: 36.033 GC heap before
{Heap before GC invocations=8 (full 0):
 garbage-first heap   total 84992K, used 82606K [0x0000000780000000, 0x0000000800000000)
  region size 1024K, 55 young (56320K), 2 survivors (2048K)
 Metaspace       used 19539K, committed 19840K, reserved 1114112K
  class space    used 2876K, committed 3008K, reserved 1048576K
}
Event: 36.039 GC heap after
{Heap after GC invocations=9 (full 0):
 garbage-first heap   total 112640K, used 28182K [0x0000000780000000, 0x0000000800000000)
  region size 1024K, 4 young (4096K), 4 survivors (4096K)
 Metaspace       used 19539K, committed 19840K, reserved 1114112K
  class space    used 2876K, committed 3008K, reserved 1048576K
}

