# JRE version: OpenJDK Runtime Environment (20.0.2+9) (build 20.0.2+9-78)
# Java VM: OpenJDK 64-Bit Server VM (20.0.2+9-78, mixed mode, sharing, tiered, compressed oops, compressed class ptrs, g1 gc, bsd-aarch64)
Heap:
 garbage-first heap   total 343040K, used 191516K [0x0000000780000000, 0x0000000800000000)
  region size 1024K, 38 young (38912K), 5 survivors (5120K)
 Metaspace       used 17602K, committed 17984K, reserved 1114112K
  class space    used 2309K, committed 2496K, reserved 1048576K
GC Heap History (20 events):
Event: 6.729 GC heap before
{Heap before GC invocations=2 (full 0):
 garbage-first heap   total 133120K, used 120059K [0x0000000780000000, 0x0000000800000000)
  region size 1024K, 25 young (25600K), 5 survivors (5120K)
 Metaspace       used 13233K, committed 13504K, reserved 1114112K
  class space    used 1816K, committed 1920K, reserved 1048576K
}
Event: 6.731 GC heap after
{Heap after GC invocations=3 (full 0):
 garbage-first heap   total 133120K, used 101875K [0x0000000780000000, 0x0000000800000000)
  region size 1024K, 6 young (6144K), 6 survivors (6144K)
 Metaspace       used 13233K, committed 13504K, reserved 1114112K
  class space    used 1816K, committed 1920K, reserved 1048576K
}
Event: 11.706 GC heap before
{Heap before GC invocations=4 (full 0):
 garbage-first heap   total 179200K, used 114163K [0x0000000780000000, 0x0000000800000000)
  region size 1024K, 17 young (17408K), 6 survivors (6144K)
 Metaspace       used 13683K, committed 13952K, reserved 1114112K
  class space    used 1853K, committed 1984K, reserved 1048576K
}
Event: 11.708 GC heap after
{Heap after GC invocations=5 (full 0):
 garbage-first heap   total 179200K, used 104334K [0x0000000780000000, 0x0000000800000000)
  region size 1024K, 2 young (2048K), 2 survivors (2048K)
 Metaspace       used 13683K, committed 13952K, reserved 1114112K
  class space    used 1853K, committed 1984K, reserved 1048576K
}
Event: 12.724 GC heap before
{Heap before GC invocations=6 (full 0):
 garbage-first heap   total 189440K, used 123790K [0x0000000780000000, 0x0000000800000000)
  region size 1024K, 17 young (17408K), 2 survivors (2048K)
 Metaspace       used 15497K, committed 15872K, reserved 1114112K
  class space    used 2113K, committed 2304K, reserved 1048576K
}
Event: 12.725 GC heap after
{Heap after GC invocations=7 (full 0):
 garbage-first heap   total 189440K, used 112068K [0x0000000780000000, 0x0000000800000000)
  region size 1024K, 4 young (4096K), 4 survivors (4096K)
 Metaspace       used 15497K, committed 15872K, reserved 1114112K
  class space    used 2113K, committed 2304K, reserved 1048576K
}
Event: 18.592 GC heap before
{Heap before GC invocations=8 (full 0):
 garbage-first heap   total 196608K, used 190916K [0x0000000780000000, 0x0000000800000000)
  region size 1024K, 59 young (60416K), 4 survivors (4096K)
 Metaspace       used 17149K, committed 17536K, reserved 1114112K
  class space    used 2303K, committed 2496K, reserved 1048576K
}
Event: 18.596 GC heap after
{Heap after GC invocations=9 (full 0):
 garbage-first heap   total 239616K, used 134549K [0x0000000780000000, 0x0000000800000000)
  region size 1024K, 5 young (5120K), 5 survivors (5120K)
 Metaspace       used 17149K, committed 17536K, reserved 1114112K
  class space    used 2303K, committed 2496K, reserved 1048576K
}
Event: 24.961 GC heap before
{Heap before GC invocations=9 (full 0):
 garbage-first heap   total 239616K, used 235925K [0x0000000780000000, 0x0000000800000000)
  region size 1024K, 87 young (89088K), 5 survivors (5120K)
 Metaspace       used 17388K, committed 17792K, reserved 1114112K
  class space    used 2303K, committed 2496K, reserved 1048576K
}
Event: 24.964 GC heap after
{Heap after GC invocations=10 (full 0):
 garbage-first heap   total 244736K, used 147407K [0x0000000780000000, 0x0000000800000000)
  region size 1024K, 5 young (5120K), 5 survivors (5120K)
 Metaspace       used 17388K, committed 17792K, reserved 1114112K
  class space    used 2303K, committed 2496K, reserved 1048576K
}
Event: 26.165 GC heap before
{Heap before GC invocations=10 (full 0):
 garbage-first heap   total 244736K, used 160719K [0x0000000780000000, 0x0000000800000000)
  region size 1024K, 19 young (19456K), 5 survivors (5120K)
 Metaspace       used 17406K, committed 17792K, reserved 1114112K
  class space    used 2303K, committed 2496K, reserved 1048576K
}
Event: 26.167 GC heap after
{Heap after GC invocations=11 (full 0):
 garbage-first heap   total 244736K, used 145019K [0x0000000780000000, 0x0000000800000000)
  region size 1024K, 5 young (5120K), 5 survivors (5120K)
 Metaspace       used 17406K, committed 17792K, reserved 1114112K
  class space    used 2303K, committed 2496K, reserved 1048576K
}
Event: 27.458 GC heap before
{Heap before GC invocations=12 (full 0):
 garbage-first heap   total 252928K, used 163451K [0x0000000780000000, 0x0000000800000000)
  region size 1024K, 22 young (22528K), 5 survivors (5120K)
 Metaspace       used 17451K, committed 17792K, reserved 1114112K
  class space    used 2304K, committed 2496K, reserved 1048576K
}
Event: 27.460 GC heap after
{Heap after GC invocations=13 (full 0):
 garbage-first heap   total 252928K, used 142105K [0x0000000780000000, 0x0000000800000000)
  region size 1024K, 5 young (5120K), 5 survivors (5120K)
 Metaspace       used 17451K, committed 17792K, reserved 1114112K
  class space    used 2304K, committed 2496K, reserved 1048576K
}
Event: 27.472 GC heap before
{Heap before GC invocations=14 (full 0):
 garbage-first heap   total 252928K, used 148249K [0x0000000780000000, 0x0000000800000000)
  region size 1024K, 6 young (6144K), 5 survivors (5120K)
 Metaspace       used 17456K, committed 17792K, reserved 1114112K
  class space    used 2304K, committed 2496K, reserved 1048576K
}
Event: 27.474 GC heap after
{Heap after GC invocations=15 (full 0):
 garbage-first heap   total 252928K, used 148265K [0x0000000780000000, 0x0000000800000000)
  region size 1024K, 5 young (5120K), 5 survivors (5120K)
 Metaspace       used 17456K, committed 17792K, reserved 1114112K
  class space    used 2304K, committed 2496K, reserved 1048576K
}
Event: 29.247 GC heap before
{Heap before GC invocations=16 (full 0):
 garbage-first heap   total 256000K, used 172841K [0x0000000780000000, 0x0000000800000000)
  region size 1024K, 28 young (28672K), 5 survivors (5120K)
 Metaspace       used 17504K, committed 17856K, reserved 1114112K
  class space    used 2304K, committed 2496K, reserved 1048576K
}
Event: 29.250 GC heap after
{Heap after GC invocations=17 (full 0):
 garbage-first heap   total 256000K, used 150556K [0x0000000780000000, 0x0000000800000000)
  region size 1024K, 5 young (5120K), 5 survivors (5120K)
 Metaspace       used 17504K, committed 17856K, reserved 1114112K
  class space    used 2304K, committed 2496K, reserved 1048576K
}
Event: 31.008 GC heap before
{Heap before GC invocations=18 (full 0):
 garbage-first heap   total 261120K, used 174108K [0x0000000780000000, 0x0000000800000000)
  region size 1024K, 27 young (27648K), 5 survivors (5120K)
 Metaspace       used 17527K, committed 17920K, reserved 1114112K
  class space    used 2304K, committed 2496K, reserved 1048576K
}
Event: 31.010 GC heap after
{Heap after GC invocations=19 (full 0):
 garbage-first heap   total 343040K, used 152604K [0x0000000780000000, 0x0000000800000000)
  region size 1024K, 5 young (5120K), 5 survivors (5120K)
 Metaspace       used 17527K, committed 17920K, reserved 1114112K
  class space    used 2304K, committed 2496K, reserved 1048576K
}

