# JRE version: OpenJDK Runtime Environment (20.0.2+9) (build 20.0.2+9-78)
# Java VM: OpenJDK 64-Bit Server VM (20.0.2+9-78, mixed mode, sharing, tiered, compressed oops, compressed class ptrs, g1 gc, bsd-aarch64)
Heap:
 garbage-first heap   total 189440K, used 121509K [0x0000000780000000, 0x0000000800000000)
  region size 1024K, 15 young (15360K), 4 survivors (4096K)
 Metaspace       used 14600K, committed 14912K, reserved 1114112K
  class space    used 1972K, committed 2112K, reserved 1048576K
GC Heap History (10 events):
Event: 5.449 GC heap before
{Heap before GC invocations=0 (full 0):
 garbage-first heap   total 133120K, used 23520K [0x0000000780000000, 0x0000000800000000)
  region size 1024K, 23 young (23552K), 0 survivors (0K)
 Metaspace       used 5943K, committed 6080K, reserved 1114112K
  class space    used 702K, committed 768K, reserved 1048576K
}
Event: 5.451 GC heap after
{Heap after GC invocations=1 (full 0):
 garbage-first heap   total 133120K, used 4934K [0x0000000780000000, 0x0000000800000000)
  region size 1024K, 3 young (3072K), 3 survivors (3072K)
 Metaspace       used 5943K, committed 6080K, reserved 1114112K
  class space    used 702K, committed 768K, reserved 1048576K
}
Event: 5.496 GC heap before
{Heap before GC invocations=1 (full 0):
 garbage-first heap   total 133120K, used 9030K [0x0000000780000000, 0x0000000800000000)
  region size 1024K, 9 young (9216K), 3 survivors (3072K)
 Metaspace       used 8210K, committed 8448K, reserved 1114112K
  class space    used 1016K, committed 1088K, reserved 1048576K
}
Event: 5.497 GC heap after
{Heap after GC invocations=2 (full 0):
 garbage-first heap   total 133120K, used 5748K [0x0000000780000000, 0x0000000800000000)
  region size 1024K, 4 young (4096K), 4 survivors (4096K)
 Metaspace       used 8210K, committed 8448K, reserved 1114112K
  class space    used 1016K, committed 1088K, reserved 1048576K
}
Event: 5.727 GC heap before
{Heap before GC invocations=2 (full 0):
 garbage-first heap   total 133120K, used 100980K [0x0000000780000000, 0x0000000800000000)
  region size 1024K, 6 young (6144K), 4 survivors (4096K)
 Metaspace       used 8490K, committed 8704K, reserved 1114112K
  class space    used 1060K, committed 1152K, reserved 1048576K
}
Event: 5.728 GC heap after
{Heap after GC invocations=3 (full 0):
 garbage-first heap   total 133120K, used 100428K [0x0000000780000000, 0x0000000800000000)
  region size 1024K, 5 young (5120K), 5 survivors (5120K)
 Metaspace       used 8490K, committed 8704K, reserved 1114112K
  class space    used 1060K, committed 1152K, reserved 1048576K
}
Event: 5.952 GC heap before
{Heap before GC invocations=4 (full 0):
 garbage-first heap   total 183296K, used 125004K [0x0000000780000000, 0x0000000800000000)
  region size 1024K, 23 young (23552K), 5 survivors (5120K)
 Metaspace       used 12927K, committed 13248K, reserved 1114112K
  class space    used 1787K, committed 1920K, reserved 1048576K
}
Event: 5.954 GC heap after
{Heap after GC invocations=5 (full 0):
 garbage-first heap   total 183296K, used 108468K [0x0000000780000000, 0x0000000800000000)
  region size 1024K, 3 young (3072K), 3 survivors (3072K)
 Metaspace       used 12927K, committed 13248K, reserved 1114112K
  class space    used 1787K, committed 1920K, reserved 1048576K
}
Event: 5.978 GC heap before
{Heap before GC invocations=5 (full 0):
 garbage-first heap   total 183296K, used 110516K [0x0000000780000000, 0x0000000800000000)
  region size 1024K, 6 young (6144K), 3 survivors (3072K)
 Metaspace       used 13390K, committed 13696K, reserved 1114112K
  class space    used 1830K, committed 1984K, reserved 1048576K
}
Event: 5.979 GC heap after
{Heap after GC invocations=6 (full 0):
 garbage-first heap   total 183296K, used 109221K [0x0000000780000000, 0x0000000800000000)
  region size 1024K, 4 young (4096K), 4 survivors (4096K)
 Metaspace       used 13390K, committed 13696K, reserved 1114112K
  class space    used 1830K, committed 1984K, reserved 1048576K
}

