# JRE version: OpenJDK Runtime Environment (20.0.2+9) (build 20.0.2+9-78)
# Java VM: OpenJDK 64-Bit Server VM (20.0.2+9-78, mixed mode, sharing, tiered, compressed oops, compressed class ptrs, g1 gc, bsd-aarch64)
Heap:
 garbage-first heap   total 106496K, used 26253K [0x0000000780000000, 0x0000000800000000)
  region size 1024K, 6 young (6144K), 4 survivors (4096K)
 Metaspace       used 20464K, committed 20800K, reserved 1114112K
  class space    used 2884K, committed 3008K, reserved 1048576K
GC Heap History (14 events):
Event: 5.649 GC heap before
{Heap before GC invocations=0 (full 0):
 garbage-first heap   total 133120K, used 23520K [0x0000000780000000, 0x0000000800000000)
  region size 1024K, 23 young (23552K), 0 survivors (0K)
 Metaspace       used 5526K, committed 5696K, reserved 1114112K
  class space    used 623K, committed 704K, reserved 1048576K
}
Event: 5.651 GC heap after
{Heap after GC invocations=1 (full 0):
 garbage-first heap   total 133120K, used 5964K [0x0000000780000000, 0x0000000800000000)
  region size 1024K, 3 young (3072K), 3 survivors (3072K)
 Metaspace       used 5526K, committed 5696K, reserved 1114112K
  class space    used 623K, committed 704K, reserved 1048576K
}
Event: 5.705 GC heap before
{Heap before GC invocations=1 (full 0):
 garbage-first heap   total 133120K, used 13132K [0x0000000780000000, 0x0000000800000000)
  region size 1024K, 11 young (11264K), 3 survivors (3072K)
 Metaspace       used 8226K, committed 8448K, reserved 1114112K
  class space    used 1016K, committed 1088K, reserved 1048576K
}
Event: 5.707 GC heap after
{Heap after GC invocations=2 (full 0):
 garbage-first heap   total 133120K, used 6621K [0x0000000780000000, 0x0000000800000000)
  region size 1024K, 1 young (1024K), 1 survivors (1024K)
 Metaspace       used 8226K, committed 8448K, reserved 1114112K
  class space    used 1016K, committed 1088K, reserved 1048576K
}
Event: 8.127 GC heap before
{Heap before GC invocations=2 (full 0):
 garbage-first heap   total 133120K, used 119261K [0x0000000780000000, 0x0000000800000000)
  region size 1024K, 20 young (20480K), 1 survivors (1024K)
 Metaspace       used 12538K, committed 12864K, reserved 1114112K
  class space    used 1698K, committed 1856K, reserved 1048576K
}
Event: 8.129 GC heap after
{Heap after GC invocations=3 (full 0):
 garbage-first heap   total 133120K, used 103099K [0x0000000780000000, 0x0000000800000000)
  region size 1024K, 3 young (3072K), 3 survivors (3072K)
 Metaspace       used 12538K, committed 12864K, reserved 1114112K
  class space    used 1698K, committed 1856K, reserved 1048576K
}
Event: 10.115 GC heap before
{Heap before GC invocations=4 (full 0):
 garbage-first heap   total 186368K, used 131771K [0x0000000780000000, 0x0000000800000000)
  region size 1024K, 21 young (21504K), 3 survivors (3072K)
 Metaspace       used 15113K, committed 15488K, reserved 1114112K
  class space    used 2072K, committed 2240K, reserved 1048576K
}
Event: 10.119 GC heap after
{Heap after GC invocations=5 (full 0):
 garbage-first heap   total 186368K, used 115160K [0x0000000780000000, 0x0000000800000000)
  region size 1024K, 2 young (2048K), 2 survivors (2048K)
 Metaspace       used 15113K, committed 15488K, reserved 1114112K
  class space    used 2072K, committed 2240K, reserved 1048576K
}
Event: 148.414 GC heap before
{Heap before GC invocations=5 (full 0):
 garbage-first heap   total 186368K, used 174552K [0x0000000780000000, 0x0000000800000000)
  region size 1024K, 52 young (53248K), 2 survivors (2048K)
 Metaspace       used 19724K, committed 20032K, reserved 1114112K
  class space    used 2878K, committed 3008K, reserved 1048576K
}
Event: 148.428 GC heap after
{Heap after GC invocations=6 (full 0):
 garbage-first heap   total 186368K, used 122778K [0x0000000780000000, 0x0000000800000000)
  region size 1024K, 4 young (4096K), 4 survivors (4096K)
 Metaspace       used 19724K, committed 20032K, reserved 1114112K
  class space    used 2878K, committed 3008K, reserved 1048576K
}
Event: 316.645 GC heap before
{Heap before GC invocations=6 (full 0):
 garbage-first heap   total 186368K, used 163738K [0x0000000780000000, 0x0000000800000000)
  region size 1024K, 45 young (46080K), 4 survivors (4096K)
 Metaspace       used 20180K, committed 20480K, reserved 1114112K
  class space    used 2880K, committed 3008K, reserved 1048576K
}
Event: 316.649 GC heap after
{Heap after GC invocations=7 (full 0):
 garbage-first heap   total 186368K, used 121063K [0x0000000780000000, 0x0000000800000000)
  region size 1024K, 4 young (4096K), 4 survivors (4096K)
 Metaspace       used 20180K, committed 20480K, reserved 1114112K
  class space    used 2880K, committed 3008K, reserved 1048576K
}
Event: 414.116 GC heap before
{Heap before GC invocations=8 (full 0):
 garbage-first heap   total 106496K, used 78055K [0x0000000780000000, 0x0000000800000000)
  region size 1024K, 53 young (54272K), 4 survivors (4096K)
 Metaspace       used 20453K, committed 20800K, reserved 1114112K
  class space    used 2881K, committed 3008K, reserved 1048576K
}
Event: 414.122 GC heap after
{Heap after GC invocations=9 (full 0):
 garbage-first heap   total 106496K, used 25229K [0x0000000780000000, 0x0000000800000000)
  region size 1024K, 4 young (4096K), 4 survivors (4096K)
 Metaspace       used 20453K, committed 20800K, reserved 1114112K
  class space    used 2881K, committed 3008K, reserved 1048576K
}

